{"timestamp":"2019-02-16T19:53:22.336Z","message":"email sent to diegoop.pa@hotmail.com with subject Confirmação de conta"}
{"timestamp":"2019-02-16T20:07:04.350Z","message":"email sent to diegoop.pa@hotmail.com with subject Confirmação de conta"}
{"timestamp":"2019-02-16T20:08:49.692Z","message":"email sent to diegoop.pa@hotmail.com with subject Confirmação de conta"}
{"timestamp":"2019-02-16T22:51:05.762Z","message":"email sent to diegoop.pa@hotmail.com with subject Confirmação de conta"}
{"timestamp":"2019-02-23T13:13:32.742Z","message":"email sent to diegoop.pa@hotmail.com with subject Confirmação de conta"}
{"timestamp":"2019-02-23T13:15:33.904Z","message":"email sent to diegoop.pa@hotmail.com with subject Confirmação de conta"}
{"timestamp":"2019-02-23T13:16:04.759Z","message":"email sent to diegoop.pa@hotmail.com with subject Confirmação de conta"}
{"timestamp":"2019-02-23T13:16:36.221Z","message":"email sent to diegoop.pa@hotmail.com with subject Confirmação de conta"}
{"timestamp":"2019-02-23T18:30:24.561Z","message":"error to send email Error: No recipients defined"}
{"timestamp":"2019-02-24T20:33:58.741Z","message":"error to request to recover password CastError: Cast to string failed for value \"{ email: 'diegoop.pa@hotmail.comm' }\" at path \"email\" for model \"User\""}
{"timestamp":"2019-02-24T20:36:42.055Z","message":"error to request to recover password TypeError: email.sender is not a function"}
{"timestamp":"2019-02-24T20:37:58.241Z","message":"email sent to diegoop.pa@hotmail.com with subject Troca de senha"}
{"timestamp":"2019-02-24T20:45:28.932Z","message":"email sent to diegoop.pa@hotmail.com with subject Troca de senha"}
{"timestamp":"2019-02-24T21:08:50.315Z","message":"email sent to diegoop.pa@hotmail.com with subject Troca de senha"}
{"timestamp":"2019-03-22T23:10:18.457Z","message":"error to send email Error: connect ETIMEDOUT 64.233.186.108:465"}
{"timestamp":"2019-03-22T23:14:31.375Z","message":"error to send email Error: connect ETIMEDOUT 64.233.186.108:465"}
{"timestamp":"2019-03-22T23:18:46.151Z","message":"error to send email Error: connect ETIMEDOUT 64.233.186.108:465"}
{"timestamp":"2019-07-11T22:15:29.349Z","message":"email sent to openheimerdiego@gmail.com with subject Confirmação de conta"}
{"timestamp":"2019-07-11T22:15:46.317Z","message":"email sent to openheimerdiego@gmail.com with subject Confirmação de conta"}
{"timestamp":"2019-07-11T22:35:44.042Z","message":"email sent to diegoop.pa@hotmail.com with subject Troca de senha"}
{"timestamp":"2019-07-11T22:36:38.429Z","message":"email sent to diegoop.pa@hotmail.com with subject Troca de senha"}
{"timestamp":"2019-07-11T22:52:50.079Z","message":"error to create employee ReferenceError: jwt is not defined"}
{"timestamp":"2019-07-11T22:53:33.715Z","message":"error to create employee ReferenceError: emailService is not defined"}
{"timestamp":"2019-07-11T22:53:59.578Z","message":"error to create employee ReferenceError: html is not defined"}
{"timestamp":"2019-07-11T22:54:43.053Z","message":"email sent to diegoop.pa@hotmail.com with subject Confirmação de conta"}
{"timestamp":"2019-07-11T22:57:31.599Z","message":"email sent to diegoop.pa@hotmail.com with subject Confirmação de conta"}
{"timestamp":"2019-07-11T23:00:17.395Z","message":"email sent to diegoop.pa@hotmail.com with subject Confirmação de conta"}
{"timestamp":"2019-07-11T23:01:20.729Z","message":"email sent to diegoop.pa@hotmail.com with subject Confirmação de conta"}
{"timestamp":"2019-07-11T23:03:06.196Z","message":"email sent to diegoop.pa@hotmail.com with subject Confirmação de conta"}
{"timestamp":"2019-07-11T23:10:58.148Z","message":"email sent to diegoop.pa@hotmail.com with subject Confirmação de conta"}
{"timestamp":"2019-07-11T23:12:24.093Z","message":"email sent to diegoop.pa@hotmail.com with subject Confirmação de conta"}
{"timestamp":"2019-07-11T23:14:13.704Z","message":"error to send email Error: No recipients defined"}
{"timestamp":"2019-07-11T23:15:08.776Z","message":"email sent to diegoop.pa@hotmail.com with subject Confirmação de conta"}
{"timestamp":"2019-07-11T23:16:35.341Z","message":"email sent to diegoop.pa@hotmail.com with subject Confirmação de conta"}
{"timestamp":"2019-07-11T23:17:14.193Z","message":"email sent to diegoop.pa@hotmail.com with subject Confirmação de conta"}
{"timestamp":"2019-07-11T23:20:01.434Z","message":"email sent to diegoop.pa@hotmail.com with subject Troca de senha"}
{"timestamp":"2019-07-11T23:20:43.784Z","message":"email sent to diegoop.pa@hotmail.com with subject Troca de senha"}
