{"timestamp":"2019-02-23T18:30:24.561Z","message":"error to send email Error: No recipients defined"}
{"timestamp":"2019-02-24T20:33:58.741Z","message":"error to request to recover password CastError: Cast to string failed for value \"{ email: 'diegoop.pa@hotmail.comm' }\" at path \"email\" for model \"User\""}
{"timestamp":"2019-02-24T20:36:42.055Z","message":"error to request to recover password TypeError: email.sender is not a function"}
{"timestamp":"2019-03-22T23:10:18.457Z","message":"error to send email Error: connect ETIMEDOUT 64.233.186.108:465"}
{"timestamp":"2019-03-22T23:14:31.375Z","message":"error to send email Error: connect ETIMEDOUT 64.233.186.108:465"}
{"timestamp":"2019-03-22T23:18:46.151Z","message":"error to send email Error: connect ETIMEDOUT 64.233.186.108:465"}
{"timestamp":"2019-07-11T22:52:50.079Z","message":"error to create employee ReferenceError: jwt is not defined"}
{"timestamp":"2019-07-11T22:53:33.715Z","message":"error to create employee ReferenceError: emailService is not defined"}
{"timestamp":"2019-07-11T22:53:59.578Z","message":"error to create employee ReferenceError: html is not defined"}
{"timestamp":"2019-07-11T23:14:13.704Z","message":"error to send email Error: No recipients defined"}
{"timestamp":"2019-07-16T22:51:50.094Z","message":"fail to get employee by email"}
{"timestamp":"2019-07-16T22:53:35.418Z","message":"fail to get employee by email RangeError [ERR_HTTP_INVALID_STATUS_CODE]: Invalid status code: ENABLED"}
{"timestamp":"2019-07-16T22:55:04.706Z","message":"fail to get employee by email RangeError [ERR_HTTP_INVALID_STATUS_CODE]: Invalid status code: ENABLED"}
{"timestamp":"2019-07-17T00:07:26.136Z","message":"fail to edit employee MongoError: Performing an update on the path '_id' would modify the immutable field '_id'"}
{"timestamp":"2019-07-17T01:04:16.587Z","message":"error to get employees MongoError: Failed to parse: { find: \"employees\", filter: {}, projection: { password: 0 }, limit: \"2\", returnKey: false, showRecordId: false, $db: \"tcc\" }. 'limit' field must be numeric."}
{"timestamp":"2019-07-17T01:04:42.325Z","message":"error to get employees MongoError: Failed to parse: { find: \"employees\", filter: {}, projection: { password: 0 }, limit: \"2\", returnKey: false, showRecordId: false, $db: \"tcc\" }. 'limit' field must be numeric."}
{"timestamp":"2019-07-17T01:05:15.592Z","message":"error to get employees MongoError: Failed to parse: { find: \"employees\", filter: {}, projection: { password: 0 }, limit: \"2\", returnKey: false, showRecordId: false, $db: \"tcc\" }. 'limit' field must be numeric."}
{"timestamp":"2019-07-17T01:05:21.608Z","message":"error to get employees MongoError: Failed to parse: { find: \"employees\", filter: {}, projection: { password: 0 }, skip: 2, limit: \"2\", returnKey: false, showRecordId: false, $db: \"tcc\" }. 'limit' field must be numeric."}
{"timestamp":"2019-07-17T21:44:25.635Z","message":"error to get employees MongoError: $not needs a regex or a document"}
{"timestamp":"2019-07-20T01:04:47.789Z","message":"fail to remove employee MongoError: Cannot specify both new=true and remove=true; 'remove' always returns the deleted document"}
{"timestamp":"2019-07-20T12:21:52.588Z","message":"fail to edit employee TypeError: Translate is not a function"}
{"timestamp":"2019-07-20T14:36:13.902Z","message":"error to get histories CastError: Cast to date failed for value \"Invalid Date\" at path \"createdAt\" for model \"History\""}
{"timestamp":"2019-07-20T14:37:04.776Z","message":"error to get histories CastError: Cast to date failed for value \"Invalid Date\" at path \"createdAt\" for model \"History\""}
{"timestamp":"2019-07-20T14:40:58.317Z","message":"error to get histories CastError: Cast to date failed for value \"Invalid Date\" at path \"createdAt\" for model \"History\""}
{"timestamp":"2019-07-20T14:41:31.533Z","message":"error to get histories CastError: Cast to date failed for value \"Invalid Date\" at path \"createdAt\" for model \"History\""}
{"timestamp":"2019-07-20T14:41:42.743Z","message":"error to get histories CastError: Cast to date failed for value \"Invalid Date\" at path \"createdAt\" for model \"History\""}
{"timestamp":"2019-07-20T14:42:00.468Z","message":"error to get histories CastError: Cast to date failed for value \"Invalid Date\" at path \"createdAt\" for model \"History\""}
{"timestamp":"2019-07-20T14:42:11.440Z","message":"error to get histories CastError: Cast to date failed for value \"Invalid Date\" at path \"createdAt\" for model \"History\""}
{"timestamp":"2019-07-21T20:18:40.221Z","message":"fail to get suggestion by id CastError: Cast to ObjectId failed for value \"{suggestionId}\" at path \"_id\" for model \"Suggestion\""}
{"timestamp":"2019-07-21T20:19:23.681Z","message":"fail to get suggestion by id CastError: Cast to ObjectId failed for value \"{suggestionId}\" at path \"_id\" for model \"Suggestion\""}
{"timestamp":"2019-07-21T20:20:17.144Z","message":"fail to get suggestion by id CastError: Cast to ObjectId failed for value \"{suggestionId}\" at path \"_id\" for model \"Suggestion\""}
{"timestamp":"2019-07-21T20:20:40.396Z","message":"fail to get suggestion by id CastError: Cast to ObjectId failed for value \"12\" at path \"_id\" for model \"Suggestion\""}
{"timestamp":"2019-07-21T20:37:09.332Z","message":"fail to get suggestion by id CastError: Cast to ObjectId failed for value \"[object Object]\" at path \"_id\" for model \"Suggestion\""}
{"timestamp":"2019-07-21T20:37:15.292Z","message":"fail to get suggestion by id CastError: Cast to ObjectId failed for value \"[object Object]\" at path \"_id\" for model \"Suggestion\""}
{"timestamp":"2019-07-21T20:37:47.287Z","message":"fail to get suggestion by id CastError: Cast to ObjectId failed for value \"[object Object]\" at path \"_id\" for model \"Suggestion\""}
{"timestamp":"2019-07-21T20:38:18.572Z","message":"fail to get suggestion by id CastError: Cast to ObjectId failed for value \"undefined\" at path \"_id\" for model \"Suggestion\""}
{"timestamp":"2019-07-21T22:20:42.076Z","message":"error to get histories TypeError: result.forEach is not a function"}
